0 info it worked if it ends with ok
1 verbose cli [ '/usr/local/bin/node',
1 verbose cli   '/usr/local/bin/npm',
1 verbose cli   'install',
1 verbose cli   'webpack@2.1',
1 verbose cli   '--save-dev' ]
2 info using npm@3.10.8
3 info using node@v6.9.1
4 silly loadCurrentTree Starting
5 silly install loadCurrentTree
6 silly install readLocalPackageData
7 silly fetchPackageMetaData webpack@2.1
8 silly fetchNamedPackageData webpack
9 silly mapToRegistry name webpack
10 silly mapToRegistry using default registry
11 silly mapToRegistry registry https://registry.npmjs.org/
12 silly mapToRegistry data Result {
12 silly mapToRegistry   raw: 'webpack',
12 silly mapToRegistry   scope: null,
12 silly mapToRegistry   escapedName: 'webpack',
12 silly mapToRegistry   name: 'webpack',
12 silly mapToRegistry   rawSpec: '',
12 silly mapToRegistry   spec: 'latest',
12 silly mapToRegistry   type: 'tag' }
13 silly mapToRegistry uri https://registry.npmjs.org/webpack
14 verbose request uri https://registry.npmjs.org/webpack
15 verbose request no auth needed
16 info attempt registry request try #1 at 17:56:40
17 verbose request id eb370b519d8a4aa6
18 verbose etag W/"583d355e-d21c6"
19 verbose lastModified Tue, 29 Nov 2016 07:59:26 GMT
20 http request GET https://registry.npmjs.org/webpack
21 http 304 https://registry.npmjs.org/webpack
22 verbose headers { date: 'Wed, 30 Nov 2016 09:56:41 GMT',
22 verbose headers   via: '1.1 varnish',
22 verbose headers   'cache-control': 'max-age=300',
22 verbose headers   etag: 'W/"583d355e-d21c6"',
22 verbose headers   age: '70',
22 verbose headers   connection: 'keep-alive',
22 verbose headers   'x-served-by': 'cache-lcy1125-LCY',
22 verbose headers   'x-cache': 'HIT',
22 verbose headers   'x-cache-hits': '2',
22 verbose headers   'x-timer': 'S1480499801.797128,VS0,VE0',
22 verbose headers   vary: 'Accept-Encoding' }
23 silly get cb [ 304,
23 silly get   { date: 'Wed, 30 Nov 2016 09:56:41 GMT',
23 silly get     via: '1.1 varnish',
23 silly get     'cache-control': 'max-age=300',
23 silly get     etag: 'W/"583d355e-d21c6"',
23 silly get     age: '70',
23 silly get     connection: 'keep-alive',
23 silly get     'x-served-by': 'cache-lcy1125-LCY',
23 silly get     'x-cache': 'HIT',
23 silly get     'x-cache-hits': '2',
23 silly get     'x-timer': 'S1480499801.797128,VS0,VE0',
23 silly get     vary: 'Accept-Encoding' } ]
24 verbose etag https://registry.npmjs.org/webpack from cache
25 verbose get saving webpack to /Users/Vincent/.npm/registry.npmjs.org/webpack/.cache.json
26 verbose correctMkdir /Users/Vincent/.npm correctMkdir not in flight; initializing
27 silly fetchNamedPackageData No valid target from cache, forcing network
28 verbose request uri https://registry.npmjs.org/webpack
29 verbose request no auth needed
30 info attempt registry request try #1 at 17:56:42
31 http request GET https://registry.npmjs.org/webpack
32 http 200 https://registry.npmjs.org/webpack
33 verbose headers { server: 'nginx/1.10.1',
33 verbose headers   'content-type': 'application/json',
33 verbose headers   'last-modified': 'Tue, 29 Nov 2016 07:59:26 GMT',
33 verbose headers   etag: 'W/"583d355e-d21c6"',
33 verbose headers   'content-encoding': 'gzip',
33 verbose headers   'cache-control': 'max-age=300',
33 verbose headers   'content-length': '44488',
33 verbose headers   'accept-ranges': 'bytes',
33 verbose headers   date: 'Wed, 30 Nov 2016 09:56:42 GMT',
33 verbose headers   via: '1.1 varnish',
33 verbose headers   age: '70',
33 verbose headers   connection: 'keep-alive',
33 verbose headers   'x-served-by': 'cache-lcy1125-LCY',
33 verbose headers   'x-cache': 'HIT',
33 verbose headers   'x-cache-hits': '3',
33 verbose headers   'x-timer': 'S1480499802.174535,VS0,VE0',
33 verbose headers   vary: 'Accept-Encoding' }
34 silly get cb [ 200,
34 silly get   { server: 'nginx/1.10.1',
34 silly get     'content-type': 'application/json',
34 silly get     'last-modified': 'Tue, 29 Nov 2016 07:59:26 GMT',
34 silly get     etag: 'W/"583d355e-d21c6"',
34 silly get     'content-encoding': 'gzip',
34 silly get     'cache-control': 'max-age=300',
34 silly get     'content-length': '44488',
34 silly get     'accept-ranges': 'bytes',
34 silly get     date: 'Wed, 30 Nov 2016 09:56:42 GMT',
34 silly get     via: '1.1 varnish',
34 silly get     age: '70',
34 silly get     connection: 'keep-alive',
34 silly get     'x-served-by': 'cache-lcy1125-LCY',
34 silly get     'x-cache': 'HIT',
34 silly get     'x-cache-hits': '3',
34 silly get     'x-timer': 'S1480499802.174535,VS0,VE0',
34 silly get     vary: 'Accept-Encoding' } ]
35 verbose get saving webpack to /Users/Vincent/.npm/registry.npmjs.org/webpack/.cache.json
36 verbose correctMkdir /Users/Vincent/.npm correctMkdir not in flight; initializing
37 silly fetchPackageMetaData Error: No compatible version found: webpack@2.1
37 silly fetchPackageMetaData Valid install targets:
37 silly fetchPackageMetaData 2.1.0-beta.27, 2.1.0-beta.26, 2.1.0-beta.25, 2.1.0-beta.24, 2.1.0-beta.23, 2.1.0-beta.22, 2.1.0-beta.21, 2.1.0-beta.20, 2.1.0-beta.19, 2.1.0-beta.18, 2.1.0-beta.17, 2.1.0-beta.16, 2.1.0-beta.15, 2.1.0-beta.14, 2.1.0-beta.13, 2.1.0-beta.12, 2.1.0-beta.11, 2.1.0-beta.10, 2.1.0-beta.9, 2.1.0-beta.8, 2.1.0-beta.7, 2.1.0-beta.6, 2.1.0-beta.5, 2.1.0-beta.4, 2.1.0-beta.3, 2.1.0-beta.2, 2.1.0-beta.1, 2.1.0-beta.0, 2.0.7-beta, 2.0.6-beta, 2.0.5-beta, 2.0.4-beta, 2.0.2-beta, 2.0.1-beta, 2.0.0-beta, 1.13.3, 1.13.2, 1.13.1, 1.13.0, 1.12.15, 1.12.14, 1.12.13, 1.12.12, 1.12.11, 1.12.10, 1.12.9, 1.12.8, 1.12.7, 1.12.6, 1.12.5, 1.12.4, 1.12.3, 1.12.2, 1.12.1, 1.12.0, 1.11.0, 1.10.5, 1.10.4, 1.10.3, 1.10.2, 1.10.1, 1.10.0, 1.9.13, 1.9.12, 1.9.11, 1.9.10, 1.9.9, 1.9.8, 1.9.7, 1.9.6, 1.9.5, 1.9.4, 1.9.3, 1.9.2, 1.9.1, 1.9.0, 1.8.11, 1.8.10, 1.8.9, 1.8.8, 1.8.7, 1.8.6, 1.8.5, 1.8.4, 1.8.3, 1.8.2, 1.8.1, 1.8.0, 1.7.3, 1.7.2, 1.7.1, 1.7.0, 1.6.0, 1.5.3, 1.5.2, 1.5.1, 1.5.0, 1.4.15, 1.4.14, 1.4.13, 1.4.12, 1.4.11, 1.4.10, 1.4.9, 1.4.8, 1.4.7, 1.4.6, 1.4.5, 1.4.4, 1.4.3, 1.4.2, 1.4.1-beta1, 1.4.0-beta9, 1.4.0-beta8, 1.4.0-beta7, 1.4.0-beta6, 1.4.0-beta5, 1.4.0-beta4, 1.4.0-beta3, 1.4.0-beta2, 1.4.0-beta10, 1.4.0-beta1, 1.3.7, 1.3.6, 1.3.5, 1.3.4, 1.3.3-beta2, 1.3.3-beta1, 1.3.2-beta9, 1.3.2-beta8, 1.3.2-beta7, 1.3.2-beta6, 1.3.2-beta5, 1.3.2-beta4, 1.3.2-beta3, 1.3.2-beta2, 1.3.2-beta1, 1.3.1-beta9, 1.3.1-beta8, 1.3.1-beta7, 1.3.1-beta6, 1.3.1-beta5, 1.3.1-beta4, 1.3.1-beta3, 1.3.1-beta2, 1.3.1-beta1, 1.3.0-beta9, 1.3.0-beta8, 1.3.0-beta7, 1.3.0-beta6, 1.3.0-beta5, 1.3.0-beta4, 1.3.0-beta3, 1.3.0-beta2, 1.3.0-beta1, 1.2.0-beta6, 1.2.0-beta5, 1.2.0-beta4, 1.2.0-beta2, 1.2.0-beta1, 1.1.11, 1.1.10, 1.1.9, 1.1.8, 1.1.7, 1.1.6, 1.1.5, 1.1.4, 1.1.3, 1.1.2, 1.1.1, 1.1.0, 1.1.0-beta9, 1.1.0-beta8, 1.1.0-beta7, 1.1.0-beta6, 1.1.0-beta5, 1.1.0-beta4, 1.1.0-beta3, 1.1.0-beta2, 1.1.0-beta12, 1.1.0-beta10, 1.1.0-beta1, 1.0.5, 1.0.4, 1.0.3, 1.0.1, 1.0.0, 1.0.0-rc9, 1.0.0-rc8, 1.0.0-rc7, 1.0.0-rc5, 1.0.0-rc4, 1.0.0-rc3, 1.0.0-rc2, 1.0.0-rc12, 1.0.0-rc11, 1.0.0-rc1, 1.0.0-beta9, 1.0.0-beta8, 1.0.0-beta7, 1.0.0-beta6, 1.0.0-beta5, 1.0.0-beta4, 1.0.0-beta3, 1.0.0-beta2, 1.0.0-beta1, 0.11.18, 0.11.17, 0.11.16, 0.11.15, 0.11.14, 0.11.13, 0.11.12, 0.11.11, 0.11.10, 0.11.9, 0.11.8, 0.11.7, 0.11.6, 0.11.5, 0.11.4, 0.11.3, 0.11.2, 0.11.1, 0.11.0, 0.11.0-beta9, 0.11.0-beta8, 0.11.0-beta7, 0.11.0-beta6, 0.11.0-beta5, 0.11.0-beta4, 0.11.0-beta3, 0.11.0-beta29, 0.11.0-beta28, 0.11.0-beta27, 0.11.0-beta26, 0.11.0-beta25, 0.11.0-beta24, 0.11.0-beta23, 0.11.0-beta22, 0.11.0-beta21, 0.11.0-beta20, 0.11.0-beta2, 0.11.0-beta19, 0.11.0-beta18, 0.11.0-beta17, 0.11.0-beta16, 0.11.0-beta15, 0.11.0-beta14, 0.11.0-beta13, 0.11.0-beta12, 0.11.0-beta11, 0.11.0-beta10, 0.11.0-beta1, 0.10.0, 0.10.0-beta9, 0.10.0-beta8, 0.10.0-beta7, 0.10.0-beta6, 0.10.0-beta5, 0.10.0-beta3, 0.10.0-beta25, 0.10.0-beta24, 0.10.0-beta23, 0.10.0-beta22, 0.10.0-beta21, 0.10.0-beta20, 0.10.0-beta2, 0.10.0-beta19, 0.10.0-beta18, 0.10.0-beta17, 0.10.0-beta16, 0.10.0-beta15, 0.10.0-beta14, 0.10.0-beta13, 0.10.0-beta12, 0.10.0-beta11, 0.10.0-beta10, 0.9.3, 0.9.2, 0.9.1, 0.9.0, 0.9.0-beta9, 0.9.0-beta8, 0.9.0-beta7, 0.9.0-beta6, 0.9.0-beta5, 0.9.0-beta4, 0.9.0-beta38, 0.9.0-beta37, 0.9.0-beta36, 0.9.0-beta35, 0.9.0-beta34, 0.9.0-beta33, 0.9.0-beta32, 0.9.0-beta31, 0.9.0-beta30, 0.9.0-beta29, 0.9.0-beta28, 0.9.0-beta27, 0.9.0-beta26, 0.9.0-beta25, 0.9.0-beta24, 0.9.0-beta23, 0.9.0-beta22, 0.9.0-beta21, 0.9.0-beta20, 0.9.0-beta2, 0.9.0-beta19, 0.9.0-beta18, 0.9.0-beta17, 0.9.0-beta16, 0.9.0-beta15, 0.9.0-beta14, 0.9.0-beta13, 0.9.0-beta12, 0.9.0-beta11, 0.9.0-beta10, 0.9.0-beta1, 0.8.3, 0.8.2, 0.8.0, 0.8.0-beta4, 0.8.0-beta3, 0.8.0-beta2, 0.8.0-beta1, 0.7.17, 0.7.16, 0.7.15, 0.7.14, 0.7.13, 0.7.12, 0.7.11, 0.7.9, 0.7.8, 0.7.7, 0.7.6, 0.7.5, 0.7.4, 0.7.3, 0.7.2, 0.7.1, 0.7.0, 0.7.0-beta8, 0.7.0-beta7, 0.7.0-beta6, 0.7.0-beta5, 0.7.0-beta4, 0.7.0-beta3, 0.7.0-beta2, 0.7.0-beta, 0.6.2, 0.6.1, 0.6.0, 0.5.10, 0.5.8, 0.5.7, 0.5.6, 0.5.5, 0.5.4, 0.5.3, 0.5.2, 0.5.1, 0.5.0, 0.4.25, 0.4.24, 0.4.23, 0.4.21, 0.4.20, 0.4.19, 0.4.18, 0.4.17, 0.4.16, 0.4.15, 0.4.14, 0.4.13, 0.4.12, 0.4.11, 0.4.10, 0.4.9, 0.4.8, 0.4.7, 0.4.6, 0.4.5, 0.4.4, 0.4.3, 0.4.2, 0.4.1, 0.4.0, 0.3.20, 0.3.19, 0.3.18, 0.3.17, 0.3.16, 0.3.15, 0.3.14, 0.3.13, 0.3.12, 0.3.11, 0.3.10, 0.3.9, 0.3.8, 0.3.7, 0.3.6, 0.3.4, 0.3.3, 0.3.2, 0.3.1, 0.3.0, 0.2.8, 0.2.7, 0.2.6, 0.2.4, 0.2.3, 0.2.2, 0.2.1, 0.2.0, 0.1.6, 0.1.5, 0.1.4, 0.1.3, 0.1.2, 0.1.1, 0.1.0
37 silly fetchPackageMetaData
37 silly fetchPackageMetaData     at pickVersionFromRegistryDocument (/usr/local/lib/node_modules/npm/lib/fetch-package-metadata.js:178:16)
37 silly fetchPackageMetaData     at /usr/local/lib/node_modules/npm/node_modules/iferr/index.js:13:50
37 silly fetchPackageMetaData     at /usr/local/lib/node_modules/npm/lib/utils/pulse-till-done.js:20:8
37 silly fetchPackageMetaData     at saved (/usr/local/lib/node_modules/npm/lib/cache/caching-client.js:174:7)
37 silly fetchPackageMetaData     at /usr/local/lib/node_modules/npm/node_modules/graceful-fs/polyfills.js:233:18
37 silly fetchPackageMetaData     at FSReqWrap.oncomplete (fs.js:123:15)
37 silly fetchPackageMetaData  error for webpack@2.1 { Error: No compatible version found: webpack@2.1
37 silly fetchPackageMetaData Valid install targets:
37 silly fetchPackageMetaData 2.1.0-beta.27, 2.1.0-beta.26, 2.1.0-beta.25, 2.1.0-beta.24, 2.1.0-beta.23, 2.1.0-beta.22, 2.1.0-beta.21, 2.1.0-beta.20, 2.1.0-beta.19, 2.1.0-beta.18, 2.1.0-beta.17, 2.1.0-beta.16, 2.1.0-beta.15, 2.1.0-beta.14, 2.1.0-beta.13, 2.1.0-beta.12, 2.1.0-beta.11, 2.1.0-beta.10, 2.1.0-beta.9, 2.1.0-beta.8, 2.1.0-beta.7, 2.1.0-beta.6, 2.1.0-beta.5, 2.1.0-beta.4, 2.1.0-beta.3, 2.1.0-beta.2, 2.1.0-beta.1, 2.1.0-beta.0, 2.0.7-beta, 2.0.6-beta, 2.0.5-beta, 2.0.4-beta, 2.0.2-beta, 2.0.1-beta, 2.0.0-beta, 1.13.3, 1.13.2, 1.13.1, 1.13.0, 1.12.15, 1.12.14, 1.12.13, 1.12.12, 1.12.11, 1.12.10, 1.12.9, 1.12.8, 1.12.7, 1.12.6, 1.12.5, 1.12.4, 1.12.3, 1.12.2, 1.12.1, 1.12.0, 1.11.0, 1.10.5, 1.10.4, 1.10.3, 1.10.2, 1.10.1, 1.10.0, 1.9.13, 1.9.12, 1.9.11, 1.9.10, 1.9.9, 1.9.8, 1.9.7, 1.9.6, 1.9.5, 1.9.4, 1.9.3, 1.9.2, 1.9.1, 1.9.0, 1.8.11, 1.8.10, 1.8.9, 1.8.8, 1.8.7, 1.8.6, 1.8.5, 1.8.4, 1.8.3, 1.8.2, 1.8.1, 1.8.0, 1.7.3, 1.7.2, 1.7.1, 1.7.0, 1.6.0, 1.5.3, 1.5.2, 1.5.1, 1.5.0, 1.4.15, 1.4.14, 1.4.13, 1.4.12, 1.4.11, 1.4.10, 1.4.9, 1.4.8, 1.4.7, 1.4.6, 1.4.5, 1.4.4, 1.4.3, 1.4.2, 1.4.1-beta1, 1.4.0-beta9, 1.4.0-beta8, 1.4.0-beta7, 1.4.0-beta6, 1.4.0-beta5, 1.4.0-beta4, 1.4.0-beta3, 1.4.0-beta2, 1.4.0-beta10, 1.4.0-beta1, 1.3.7, 1.3.6, 1.3.5, 1.3.4, 1.3.3-beta2, 1.3.3-beta1, 1.3.2-beta9, 1.3.2-beta8, 1.3.2-beta7, 1.3.2-beta6, 1.3.2-beta5, 1.3.2-beta4, 1.3.2-beta3, 1.3.2-beta2, 1.3.2-beta1, 1.3.1-beta9, 1.3.1-beta8, 1.3.1-beta7, 1.3.1-beta6, 1.3.1-beta5, 1.3.1-beta4, 1.3.1-beta3, 1.3.1-beta2, 1.3.1-beta1, 1.3.0-beta9, 1.3.0-beta8, 1.3.0-beta7, 1.3.0-beta6, 1.3.0-beta5, 1.3.0-beta4, 1.3.0-beta3, 1.3.0-beta2, 1.3.0-beta1, 1.2.0-beta6, 1.2.0-beta5, 1.2.0-beta4, 1.2.0-beta2, 1.2.0-beta1, 1.1.11, 1.1.10, 1.1.9, 1.1.8, 1.1.7, 1.1.6, 1.1.5, 1.1.4, 1.1.3, 1.1.2, 1.1.1, 1.1.0, 1.1.0-beta9, 1.1.0-beta8, 1.1.0-beta7, 1.1.0-beta6, 1.1.0-beta5, 1.1.0-beta4, 1.1.0-beta3, 1.1.0-beta2, 1.1.0-beta12, 1.1.0-beta10, 1.1.0-beta1, 1.0.5, 1.0.4, 1.0.3, 1.0.1, 1.0.0, 1.0.0-rc9, 1.0.0-rc8, 1.0.0-rc7, 1.0.0-rc5, 1.0.0-rc4, 1.0.0-rc3, 1.0.0-rc2, 1.0.0-rc12, 1.0.0-rc11, 1.0.0-rc1, 1.0.0-beta9, 1.0.0-beta8, 1.0.0-beta7, 1.0.0-beta6, 1.0.0-beta5, 1.0.0-beta4, 1.0.0-beta3, 1.0.0-beta2, 1.0.0-beta1, 0.11.18, 0.11.17, 0.11.16, 0.11.15, 0.11.14, 0.11.13, 0.11.12, 0.11.11, 0.11.10, 0.11.9, 0.11.8, 0.11.7, 0.11.6, 0.11.5, 0.11.4, 0.11.3, 0.11.2, 0.11.1, 0.11.0, 0.11.0-beta9, 0.11.0-beta8, 0.11.0-beta7, 0.11.0-beta6, 0.11.0-beta5, 0.11.0-beta4, 0.11.0-beta3, 0.11.0-beta29, 0.11.0-beta28, 0.11.0-beta27, 0.11.0-beta26, 0.11.0-beta25, 0.11.0-beta24, 0.11.0-beta23, 0.11.0-beta22, 0.11.0-beta21, 0.11.0-beta20, 0.11.0-beta2, 0.11.0-beta19, 0.11.0-beta18, 0.11.0-beta17, 0.11.0-beta16, 0.11.0-beta15, 0.11.0-beta14, 0.11.0-beta13, 0.11.0-beta12, 0.11.0-beta11, 0.11.0-beta10, 0.11.0-beta1, 0.10.0, 0.10.0-beta9, 0.10.0-beta8, 0.10.0-beta7, 0.10.0-beta6, 0.10.0-beta5, 0.10.0-beta3, 0.10.0-beta25, 0.10.0-beta24, 0.10.0-beta23, 0.10.0-beta22, 0.10.0-beta21, 0.10.0-beta20, 0.10.0-beta2, 0.10.0-beta19, 0.10.0-beta18, 0.10.0-beta17, 0.10.0-beta16, 0.10.0-beta15, 0.10.0-beta14, 0.10.0-beta13, 0.10.0-beta12, 0.10.0-beta11, 0.10.0-beta10, 0.9.3, 0.9.2, 0.9.1, 0.9.0, 0.9.0-beta9, 0.9.0-beta8, 0.9.0-beta7, 0.9.0-beta6, 0.9.0-beta5, 0.9.0-beta4, 0.9.0-beta38, 0.9.0-beta37, 0.9.0-beta36, 0.9.0-beta35, 0.9.0-beta34, 0.9.0-beta33, 0.9.0-beta32, 0.9.0-beta31, 0.9.0-beta30, 0.9.0-beta29, 0.9.0-beta28, 0.9.0-beta27, 0.9.0-beta26, 0.9.0-beta25, 0.9.0-beta24, 0.9.0-beta23, 0.9.0-beta22, 0.9.0-beta21, 0.9.0-beta20, 0.9.0-beta2, 0.9.0-beta19, 0.9.0-beta18, 0.9.0-beta17, 0.9.0-beta16, 0.9.0-beta15, 0.9.0-beta14, 0.9.0-beta13, 0.9.0-beta12, 0.9.0-beta11, 0.9.0-beta10, 0.9.0-beta1, 0.8.3, 0.8.2, 0.8.0, 0.8.0-beta4, 0.8.0-beta3, 0.8.0-beta2, 0.8.0-beta1, 0.7.17, 0.7.16, 0.7.15, 0.7.14, 0.7.13, 0.7.12, 0.7.11, 0.7.9, 0.7.8, 0.7.7, 0.7.6, 0.7.5, 0.7.4, 0.7.3, 0.7.2, 0.7.1, 0.7.0, 0.7.0-beta8, 0.7.0-beta7, 0.7.0-beta6, 0.7.0-beta5, 0.7.0-beta4, 0.7.0-beta3, 0.7.0-beta2, 0.7.0-beta, 0.6.2, 0.6.1, 0.6.0, 0.5.10, 0.5.8, 0.5.7, 0.5.6, 0.5.5, 0.5.4, 0.5.3, 0.5.2, 0.5.1, 0.5.0, 0.4.25, 0.4.24, 0.4.23, 0.4.21, 0.4.20, 0.4.19, 0.4.18, 0.4.17, 0.4.16, 0.4.15, 0.4.14, 0.4.13, 0.4.12, 0.4.11, 0.4.10, 0.4.9, 0.4.8, 0.4.7, 0.4.6, 0.4.5, 0.4.4, 0.4.3, 0.4.2, 0.4.1, 0.4.0, 0.3.20, 0.3.19, 0.3.18, 0.3.17, 0.3.16, 0.3.15, 0.3.14, 0.3.13, 0.3.12, 0.3.11, 0.3.10, 0.3.9, 0.3.8, 0.3.7, 0.3.6, 0.3.4, 0.3.3, 0.3.2, 0.3.1, 0.3.0, 0.2.8, 0.2.7, 0.2.6, 0.2.4, 0.2.3, 0.2.2, 0.2.1, 0.2.0, 0.1.6, 0.1.5, 0.1.4, 0.1.3, 0.1.2, 0.1.1, 0.1.0
37 silly fetchPackageMetaData
37 silly fetchPackageMetaData     at pickVersionFromRegistryDocument (/usr/local/lib/node_modules/npm/lib/fetch-package-metadata.js:178:16)
37 silly fetchPackageMetaData     at /usr/local/lib/node_modules/npm/node_modules/iferr/index.js:13:50
37 silly fetchPackageMetaData     at /usr/local/lib/node_modules/npm/lib/utils/pulse-till-done.js:20:8
37 silly fetchPackageMetaData     at saved (/usr/local/lib/node_modules/npm/lib/cache/caching-client.js:174:7)
37 silly fetchPackageMetaData     at /usr/local/lib/node_modules/npm/node_modules/graceful-fs/polyfills.js:233:18
37 silly fetchPackageMetaData     at FSReqWrap.oncomplete (fs.js:123:15) code: 'ETARGET' }
38 silly rollbackFailedOptional Starting
39 silly rollbackFailedOptional Finishing
40 silly runTopLevelLifecycles Finishing
41 silly install printInstalled
42 verbose stack Error: No compatible version found: webpack@2.1
42 verbose stack Valid install targets:
42 verbose stack 2.1.0-beta.27, 2.1.0-beta.26, 2.1.0-beta.25, 2.1.0-beta.24, 2.1.0-beta.23, 2.1.0-beta.22, 2.1.0-beta.21, 2.1.0-beta.20, 2.1.0-beta.19, 2.1.0-beta.18, 2.1.0-beta.17, 2.1.0-beta.16, 2.1.0-beta.15, 2.1.0-beta.14, 2.1.0-beta.13, 2.1.0-beta.12, 2.1.0-beta.11, 2.1.0-beta.10, 2.1.0-beta.9, 2.1.0-beta.8, 2.1.0-beta.7, 2.1.0-beta.6, 2.1.0-beta.5, 2.1.0-beta.4, 2.1.0-beta.3, 2.1.0-beta.2, 2.1.0-beta.1, 2.1.0-beta.0, 2.0.7-beta, 2.0.6-beta, 2.0.5-beta, 2.0.4-beta, 2.0.2-beta, 2.0.1-beta, 2.0.0-beta, 1.13.3, 1.13.2, 1.13.1, 1.13.0, 1.12.15, 1.12.14, 1.12.13, 1.12.12, 1.12.11, 1.12.10, 1.12.9, 1.12.8, 1.12.7, 1.12.6, 1.12.5, 1.12.4, 1.12.3, 1.12.2, 1.12.1, 1.12.0, 1.11.0, 1.10.5, 1.10.4, 1.10.3, 1.10.2, 1.10.1, 1.10.0, 1.9.13, 1.9.12, 1.9.11, 1.9.10, 1.9.9, 1.9.8, 1.9.7, 1.9.6, 1.9.5, 1.9.4, 1.9.3, 1.9.2, 1.9.1, 1.9.0, 1.8.11, 1.8.10, 1.8.9, 1.8.8, 1.8.7, 1.8.6, 1.8.5, 1.8.4, 1.8.3, 1.8.2, 1.8.1, 1.8.0, 1.7.3, 1.7.2, 1.7.1, 1.7.0, 1.6.0, 1.5.3, 1.5.2, 1.5.1, 1.5.0, 1.4.15, 1.4.14, 1.4.13, 1.4.12, 1.4.11, 1.4.10, 1.4.9, 1.4.8, 1.4.7, 1.4.6, 1.4.5, 1.4.4, 1.4.3, 1.4.2, 1.4.1-beta1, 1.4.0-beta9, 1.4.0-beta8, 1.4.0-beta7, 1.4.0-beta6, 1.4.0-beta5, 1.4.0-beta4, 1.4.0-beta3, 1.4.0-beta2, 1.4.0-beta10, 1.4.0-beta1, 1.3.7, 1.3.6, 1.3.5, 1.3.4, 1.3.3-beta2, 1.3.3-beta1, 1.3.2-beta9, 1.3.2-beta8, 1.3.2-beta7, 1.3.2-beta6, 1.3.2-beta5, 1.3.2-beta4, 1.3.2-beta3, 1.3.2-beta2, 1.3.2-beta1, 1.3.1-beta9, 1.3.1-beta8, 1.3.1-beta7, 1.3.1-beta6, 1.3.1-beta5, 1.3.1-beta4, 1.3.1-beta3, 1.3.1-beta2, 1.3.1-beta1, 1.3.0-beta9, 1.3.0-beta8, 1.3.0-beta7, 1.3.0-beta6, 1.3.0-beta5, 1.3.0-beta4, 1.3.0-beta3, 1.3.0-beta2, 1.3.0-beta1, 1.2.0-beta6, 1.2.0-beta5, 1.2.0-beta4, 1.2.0-beta2, 1.2.0-beta1, 1.1.11, 1.1.10, 1.1.9, 1.1.8, 1.1.7, 1.1.6, 1.1.5, 1.1.4, 1.1.3, 1.1.2, 1.1.1, 1.1.0, 1.1.0-beta9, 1.1.0-beta8, 1.1.0-beta7, 1.1.0-beta6, 1.1.0-beta5, 1.1.0-beta4, 1.1.0-beta3, 1.1.0-beta2, 1.1.0-beta12, 1.1.0-beta10, 1.1.0-beta1, 1.0.5, 1.0.4, 1.0.3, 1.0.1, 1.0.0, 1.0.0-rc9, 1.0.0-rc8, 1.0.0-rc7, 1.0.0-rc5, 1.0.0-rc4, 1.0.0-rc3, 1.0.0-rc2, 1.0.0-rc12, 1.0.0-rc11, 1.0.0-rc1, 1.0.0-beta9, 1.0.0-beta8, 1.0.0-beta7, 1.0.0-beta6, 1.0.0-beta5, 1.0.0-beta4, 1.0.0-beta3, 1.0.0-beta2, 1.0.0-beta1, 0.11.18, 0.11.17, 0.11.16, 0.11.15, 0.11.14, 0.11.13, 0.11.12, 0.11.11, 0.11.10, 0.11.9, 0.11.8, 0.11.7, 0.11.6, 0.11.5, 0.11.4, 0.11.3, 0.11.2, 0.11.1, 0.11.0, 0.11.0-beta9, 0.11.0-beta8, 0.11.0-beta7, 0.11.0-beta6, 0.11.0-beta5, 0.11.0-beta4, 0.11.0-beta3, 0.11.0-beta29, 0.11.0-beta28, 0.11.0-beta27, 0.11.0-beta26, 0.11.0-beta25, 0.11.0-beta24, 0.11.0-beta23, 0.11.0-beta22, 0.11.0-beta21, 0.11.0-beta20, 0.11.0-beta2, 0.11.0-beta19, 0.11.0-beta18, 0.11.0-beta17, 0.11.0-beta16, 0.11.0-beta15, 0.11.0-beta14, 0.11.0-beta13, 0.11.0-beta12, 0.11.0-beta11, 0.11.0-beta10, 0.11.0-beta1, 0.10.0, 0.10.0-beta9, 0.10.0-beta8, 0.10.0-beta7, 0.10.0-beta6, 0.10.0-beta5, 0.10.0-beta3, 0.10.0-beta25, 0.10.0-beta24, 0.10.0-beta23, 0.10.0-beta22, 0.10.0-beta21, 0.10.0-beta20, 0.10.0-beta2, 0.10.0-beta19, 0.10.0-beta18, 0.10.0-beta17, 0.10.0-beta16, 0.10.0-beta15, 0.10.0-beta14, 0.10.0-beta13, 0.10.0-beta12, 0.10.0-beta11, 0.10.0-beta10, 0.9.3, 0.9.2, 0.9.1, 0.9.0, 0.9.0-beta9, 0.9.0-beta8, 0.9.0-beta7, 0.9.0-beta6, 0.9.0-beta5, 0.9.0-beta4, 0.9.0-beta38, 0.9.0-beta37, 0.9.0-beta36, 0.9.0-beta35, 0.9.0-beta34, 0.9.0-beta33, 0.9.0-beta32, 0.9.0-beta31, 0.9.0-beta30, 0.9.0-beta29, 0.9.0-beta28, 0.9.0-beta27, 0.9.0-beta26, 0.9.0-beta25, 0.9.0-beta24, 0.9.0-beta23, 0.9.0-beta22, 0.9.0-beta21, 0.9.0-beta20, 0.9.0-beta2, 0.9.0-beta19, 0.9.0-beta18, 0.9.0-beta17, 0.9.0-beta16, 0.9.0-beta15, 0.9.0-beta14, 0.9.0-beta13, 0.9.0-beta12, 0.9.0-beta11, 0.9.0-beta10, 0.9.0-beta1, 0.8.3, 0.8.2, 0.8.0, 0.8.0-beta4, 0.8.0-beta3, 0.8.0-beta2, 0.8.0-beta1, 0.7.17, 0.7.16, 0.7.15, 0.7.14, 0.7.13, 0.7.12, 0.7.11, 0.7.9, 0.7.8, 0.7.7, 0.7.6, 0.7.5, 0.7.4, 0.7.3, 0.7.2, 0.7.1, 0.7.0, 0.7.0-beta8, 0.7.0-beta7, 0.7.0-beta6, 0.7.0-beta5, 0.7.0-beta4, 0.7.0-beta3, 0.7.0-beta2, 0.7.0-beta, 0.6.2, 0.6.1, 0.6.0, 0.5.10, 0.5.8, 0.5.7, 0.5.6, 0.5.5, 0.5.4, 0.5.3, 0.5.2, 0.5.1, 0.5.0, 0.4.25, 0.4.24, 0.4.23, 0.4.21, 0.4.20, 0.4.19, 0.4.18, 0.4.17, 0.4.16, 0.4.15, 0.4.14, 0.4.13, 0.4.12, 0.4.11, 0.4.10, 0.4.9, 0.4.8, 0.4.7, 0.4.6, 0.4.5, 0.4.4, 0.4.3, 0.4.2, 0.4.1, 0.4.0, 0.3.20, 0.3.19, 0.3.18, 0.3.17, 0.3.16, 0.3.15, 0.3.14, 0.3.13, 0.3.12, 0.3.11, 0.3.10, 0.3.9, 0.3.8, 0.3.7, 0.3.6, 0.3.4, 0.3.3, 0.3.2, 0.3.1, 0.3.0, 0.2.8, 0.2.7, 0.2.6, 0.2.4, 0.2.3, 0.2.2, 0.2.1, 0.2.0, 0.1.6, 0.1.5, 0.1.4, 0.1.3, 0.1.2, 0.1.1, 0.1.0
42 verbose stack
42 verbose stack     at pickVersionFromRegistryDocument (/usr/local/lib/node_modules/npm/lib/fetch-package-metadata.js:178:16)
42 verbose stack     at /usr/local/lib/node_modules/npm/node_modules/iferr/index.js:13:50
42 verbose stack     at /usr/local/lib/node_modules/npm/lib/utils/pulse-till-done.js:20:8
42 verbose stack     at saved (/usr/local/lib/node_modules/npm/lib/cache/caching-client.js:174:7)
42 verbose stack     at /usr/local/lib/node_modules/npm/node_modules/graceful-fs/polyfills.js:233:18
42 verbose stack     at FSReqWrap.oncomplete (fs.js:123:15)
43 verbose cwd /Users/Vincent/root/diandong.com
44 error Darwin 16.1.0
45 error argv "/usr/local/bin/node" "/usr/local/bin/npm" "install" "webpack@2.1" "--save-dev"
46 error node v6.9.1
47 error npm  v3.10.8
48 error code ETARGET
49 error notarget No compatible version found: webpack@2.1
49 error notarget Valid install targets:
49 error notarget 2.1.0-beta.27, 2.1.0-beta.26, 2.1.0-beta.25, 2.1.0-beta.24, 2.1.0-beta.23, 2.1.0-beta.22, 2.1.0-beta.21, 2.1.0-beta.20, 2.1.0-beta.19, 2.1.0-beta.18, 2.1.0-beta.17, 2.1.0-beta.16, 2.1.0-beta.15, 2.1.0-beta.14, 2.1.0-beta.13, 2.1.0-beta.12, 2.1.0-beta.11, 2.1.0-beta.10, 2.1.0-beta.9, 2.1.0-beta.8, 2.1.0-beta.7, 2.1.0-beta.6, 2.1.0-beta.5, 2.1.0-beta.4, 2.1.0-beta.3, 2.1.0-beta.2, 2.1.0-beta.1, 2.1.0-beta.0, 2.0.7-beta, 2.0.6-beta, 2.0.5-beta, 2.0.4-beta, 2.0.2-beta, 2.0.1-beta, 2.0.0-beta, 1.13.3, 1.13.2, 1.13.1, 1.13.0, 1.12.15, 1.12.14, 1.12.13, 1.12.12, 1.12.11, 1.12.10, 1.12.9, 1.12.8, 1.12.7, 1.12.6, 1.12.5, 1.12.4, 1.12.3, 1.12.2, 1.12.1, 1.12.0, 1.11.0, 1.10.5, 1.10.4, 1.10.3, 1.10.2, 1.10.1, 1.10.0, 1.9.13, 1.9.12, 1.9.11, 1.9.10, 1.9.9, 1.9.8, 1.9.7, 1.9.6, 1.9.5, 1.9.4, 1.9.3, 1.9.2, 1.9.1, 1.9.0, 1.8.11, 1.8.10, 1.8.9, 1.8.8, 1.8.7, 1.8.6, 1.8.5, 1.8.4, 1.8.3, 1.8.2, 1.8.1, 1.8.0, 1.7.3, 1.7.2, 1.7.1, 1.7.0, 1.6.0, 1.5.3, 1.5.2, 1.5.1, 1.5.0, 1.4.15, 1.4.14, 1.4.13, 1.4.12, 1.4.11, 1.4.10, 1.4.9, 1.4.8, 1.4.7, 1.4.6, 1.4.5, 1.4.4, 1.4.3, 1.4.2, 1.4.1-beta1, 1.4.0-beta9, 1.4.0-beta8, 1.4.0-beta7, 1.4.0-beta6, 1.4.0-beta5, 1.4.0-beta4, 1.4.0-beta3, 1.4.0-beta2, 1.4.0-beta10, 1.4.0-beta1, 1.3.7, 1.3.6, 1.3.5, 1.3.4, 1.3.3-beta2, 1.3.3-beta1, 1.3.2-beta9, 1.3.2-beta8, 1.3.2-beta7, 1.3.2-beta6, 1.3.2-beta5, 1.3.2-beta4, 1.3.2-beta3, 1.3.2-beta2, 1.3.2-beta1, 1.3.1-beta9, 1.3.1-beta8, 1.3.1-beta7, 1.3.1-beta6, 1.3.1-beta5, 1.3.1-beta4, 1.3.1-beta3, 1.3.1-beta2, 1.3.1-beta1, 1.3.0-beta9, 1.3.0-beta8, 1.3.0-beta7, 1.3.0-beta6, 1.3.0-beta5, 1.3.0-beta4, 1.3.0-beta3, 1.3.0-beta2, 1.3.0-beta1, 1.2.0-beta6, 1.2.0-beta5, 1.2.0-beta4, 1.2.0-beta2, 1.2.0-beta1, 1.1.11, 1.1.10, 1.1.9, 1.1.8, 1.1.7, 1.1.6, 1.1.5, 1.1.4, 1.1.3, 1.1.2, 1.1.1, 1.1.0, 1.1.0-beta9, 1.1.0-beta8, 1.1.0-beta7, 1.1.0-beta6, 1.1.0-beta5, 1.1.0-beta4, 1.1.0-beta3, 1.1.0-beta2, 1.1.0-beta12, 1.1.0-beta10, 1.1.0-beta1, 1.0.5, 1.0.4, 1.0.3, 1.0.1, 1.0.0, 1.0.0-rc9, 1.0.0-rc8, 1.0.0-rc7, 1.0.0-rc5, 1.0.0-rc4, 1.0.0-rc3, 1.0.0-rc2, 1.0.0-rc12, 1.0.0-rc11, 1.0.0-rc1, 1.0.0-beta9, 1.0.0-beta8, 1.0.0-beta7, 1.0.0-beta6, 1.0.0-beta5, 1.0.0-beta4, 1.0.0-beta3, 1.0.0-beta2, 1.0.0-beta1, 0.11.18, 0.11.17, 0.11.16, 0.11.15, 0.11.14, 0.11.13, 0.11.12, 0.11.11, 0.11.10, 0.11.9, 0.11.8, 0.11.7, 0.11.6, 0.11.5, 0.11.4, 0.11.3, 0.11.2, 0.11.1, 0.11.0, 0.11.0-beta9, 0.11.0-beta8, 0.11.0-beta7, 0.11.0-beta6, 0.11.0-beta5, 0.11.0-beta4, 0.11.0-beta3, 0.11.0-beta29, 0.11.0-beta28, 0.11.0-beta27, 0.11.0-beta26, 0.11.0-beta25, 0.11.0-beta24, 0.11.0-beta23, 0.11.0-beta22, 0.11.0-beta21, 0.11.0-beta20, 0.11.0-beta2, 0.11.0-beta19, 0.11.0-beta18, 0.11.0-beta17, 0.11.0-beta16, 0.11.0-beta15, 0.11.0-beta14, 0.11.0-beta13, 0.11.0-beta12, 0.11.0-beta11, 0.11.0-beta10, 0.11.0-beta1, 0.10.0, 0.10.0-beta9, 0.10.0-beta8, 0.10.0-beta7, 0.10.0-beta6, 0.10.0-beta5, 0.10.0-beta3, 0.10.0-beta25, 0.10.0-beta24, 0.10.0-beta23, 0.10.0-beta22, 0.10.0-beta21, 0.10.0-beta20, 0.10.0-beta2, 0.10.0-beta19, 0.10.0-beta18, 0.10.0-beta17, 0.10.0-beta16, 0.10.0-beta15, 0.10.0-beta14, 0.10.0-beta13, 0.10.0-beta12, 0.10.0-beta11, 0.10.0-beta10, 0.9.3, 0.9.2, 0.9.1, 0.9.0, 0.9.0-beta9, 0.9.0-beta8, 0.9.0-beta7, 0.9.0-beta6, 0.9.0-beta5, 0.9.0-beta4, 0.9.0-beta38, 0.9.0-beta37, 0.9.0-beta36, 0.9.0-beta35, 0.9.0-beta34, 0.9.0-beta33, 0.9.0-beta32, 0.9.0-beta31, 0.9.0-beta30, 0.9.0-beta29, 0.9.0-beta28, 0.9.0-beta27, 0.9.0-beta26, 0.9.0-beta25, 0.9.0-beta24, 0.9.0-beta23, 0.9.0-beta22, 0.9.0-beta21, 0.9.0-beta20, 0.9.0-beta2, 0.9.0-beta19, 0.9.0-beta18, 0.9.0-beta17, 0.9.0-beta16, 0.9.0-beta15, 0.9.0-beta14, 0.9.0-beta13, 0.9.0-beta12, 0.9.0-beta11, 0.9.0-beta10, 0.9.0-beta1, 0.8.3, 0.8.2, 0.8.0, 0.8.0-beta4, 0.8.0-beta3, 0.8.0-beta2, 0.8.0-beta1, 0.7.17, 0.7.16, 0.7.15, 0.7.14, 0.7.13, 0.7.12, 0.7.11, 0.7.9, 0.7.8, 0.7.7, 0.7.6, 0.7.5, 0.7.4, 0.7.3, 0.7.2, 0.7.1, 0.7.0, 0.7.0-beta8, 0.7.0-beta7, 0.7.0-beta6, 0.7.0-beta5, 0.7.0-beta4, 0.7.0-beta3, 0.7.0-beta2, 0.7.0-beta, 0.6.2, 0.6.1, 0.6.0, 0.5.10, 0.5.8, 0.5.7, 0.5.6, 0.5.5, 0.5.4, 0.5.3, 0.5.2, 0.5.1, 0.5.0, 0.4.25, 0.4.24, 0.4.23, 0.4.21, 0.4.20, 0.4.19, 0.4.18, 0.4.17, 0.4.16, 0.4.15, 0.4.14, 0.4.13, 0.4.12, 0.4.11, 0.4.10, 0.4.9, 0.4.8, 0.4.7, 0.4.6, 0.4.5, 0.4.4, 0.4.3, 0.4.2, 0.4.1, 0.4.0, 0.3.20, 0.3.19, 0.3.18, 0.3.17, 0.3.16, 0.3.15, 0.3.14, 0.3.13, 0.3.12, 0.3.11, 0.3.10, 0.3.9, 0.3.8, 0.3.7, 0.3.6, 0.3.4, 0.3.3, 0.3.2, 0.3.1, 0.3.0, 0.2.8, 0.2.7, 0.2.6, 0.2.4, 0.2.3, 0.2.2, 0.2.1, 0.2.0, 0.1.6, 0.1.5, 0.1.4, 0.1.3, 0.1.2, 0.1.1, 0.1.0
50 error notarget This is most likely not a problem with npm itself.
50 error notarget In most cases you or one of your dependencies are requesting
50 error notarget a package version that doesn't exist.
51 verbose exit [ 1, true ]
